<?xml version="1.0" encoding="UTF-8"?>
<!-- Generated by org.testng.reporters.JUnitXMLReporter -->
<testsuite ignored="0" hostname="LAPTOP-35MR1O66" failures="0" tests="3" name="FreeCRMAutomation" time="12.378" errors="0" timestamp="2022-11-10T16:35:30 EST">
  <testcase classname="com.crm.qa.testCases.ContactPageTest" name="verifyContactPageLabel" time="0.035"/>
  <testcase classname="com.crm.qa.testCases.ContactPageTest" name="verifyContactListChecked" time="0.065"/>
  <testcase classname="com.crm.qa.testCases.ContactPageTest" name="validateCreateNewContacts" time="0.0">
    <skipped/>
  </testcase> <!-- validateCreateNewContacts -->
</testsuite> <!-- FreeCRMAutomation -->
