<?xml version="1.0" encoding="UTF-8"?>
<!-- Generated by org.testng.reporters.JUnitXMLReporter -->
<testsuite ignored="0" hostname="LAPTOP-35MR1O66" failures="0" tests="10" name="Free CRM test cases" time="72.862" errors="0" timestamp="2022-11-16T16:31:46 EST">
  <testcase classname="com.crm.qa.testCases.ContactPageTest" name="verifyContactPageLabel" time="0.07"/>
  <testcase classname="com.crm.qa.testCases.ContactPageTest" name="verifyContactListChecked" time="0.1"/>
  <testcase classname="com.crm.qa.testCases.ContactPageTest" name="validateCreateNewContacts" time="2.264"/>
  <testcase classname="com.crm.qa.testCases.ContactPageTest" name="validateCreateNewContacts" time="1.956"/>
  <testcase classname="com.crm.qa.testCases.ContactPageTest" name="validateCreateNewContacts" time="1.949"/>
  <testcase classname="com.crm.qa.testCases.HomePageTest" name="verifyHomePageTitleTest" time="0.01"/>
  <testcase classname="com.crm.qa.testCases.HomePageTest" name="verifyUserNameTest" time="1.094"/>
  <testcase classname="com.crm.qa.testCases.HomePageTest" name="verifyContactLinkTest" time="0.688"/>
  <testcase classname="com.crm.qa.testCases.LoginTest" name="loginPageTitleTest" time="2.045"/>
  <testcase classname="com.crm.qa.testCases.LoginTest" name="loginTest" time="2.967"/>
</testsuite> <!-- Free CRM test cases -->
